<?xml version="1.0" encoding="UTF-8"?>
<testng-results ignored="0" total="17" passed="14" failed="3" skipped="0">
  <reporter-output>
  </reporter-output>
  <suite started-at="2024-05-02T14:35:11Z" name="Suite" finished-at="2024-05-02T14:44:57Z" duration-ms="586653">
    <groups>
    </groups>
    <test started-at="2024-05-02T14:35:11Z" name="Test" finished-at="2024-05-02T14:44:57Z" duration-ms="586653">
      <class name="Bchat.TestScenarios.CreatePasswrod_Screen_And_its_Functionalities">
        <test-method is-config="true" signature="openApp()[pri:0, instance:Bchat.TestScenarios.CreatePasswrod_Screen_And_its_Functionalities@3ce3db41]" started-at="2024-05-02T14:35:11Z" name="openApp" finished-at="2024-05-02T14:35:35Z" duration-ms="24124" status="PASS">
          <reporter-output>
          </reporter-output>
        </test-method> <!-- openApp -->
        <test-method signature="preSetup()[pri:0, instance:Bchat.TestScenarios.CreatePasswrod_Screen_And_its_Functionalities@3ce3db41]" started-at="2024-05-02T14:35:35Z" name="preSetup" finished-at="2024-05-02T14:35:43Z" duration-ms="8557" status="PASS">
          <reporter-output>
          </reporter-output>
        </test-method> <!-- preSetup -->
        <test-method signature="TC_73_To_Validate_the_presence_of_placeholder_in_the_Create_password_Fields()[pri:1, instance:Bchat.TestScenarios.CreatePasswrod_Screen_And_its_Functionalities@3ce3db41]" started-at="2024-05-02T14:35:43Z" name="TC_73_To_Validate_the_presence_of_placeholder_in_the_Create_password_Fields" finished-at="2024-05-02T14:35:45Z" duration-ms="1432" status="PASS">
          <reporter-output>
          </reporter-output>
        </test-method> <!-- TC_73_To_Validate_the_presence_of_placeholder_in_the_Create_password_Fields -->
        <test-method signature="TC_60_To_Validate_the_next_function_without_entering_a_value_in_Enter_password_and_ReEnter_password()[pri:2, instance:Bchat.TestScenarios.CreatePasswrod_Screen_And_its_Functionalities@3ce3db41]" started-at="2024-05-02T14:35:45Z" name="TC_60_To_Validate_the_next_function_without_entering_a_value_in_Enter_password_and_ReEnter_password" finished-at="2024-05-02T14:35:48Z" duration-ms="3429" status="PASS">
          <reporter-output>
          </reporter-output>
        </test-method> <!-- TC_60_To_Validate_the_next_function_without_entering_a_value_in_Enter_password_and_ReEnter_password -->
        <test-method signature="TC_57_To_Validate_with_Valid_value_in_enter_password_field_and_Invalid_value_in_ReEnter_password_field()[pri:3, instance:Bchat.TestScenarios.CreatePasswrod_Screen_And_its_Functionalities@3ce3db41]" started-at="2024-05-02T14:35:48Z" name="TC_57_To_Validate_with_Valid_value_in_enter_password_field_and_Invalid_value_in_ReEnter_password_field" finished-at="2024-05-02T14:36:08Z" duration-ms="20096" status="PASS">
          <reporter-output>
          </reporter-output>
        </test-method> <!-- TC_57_To_Validate_with_Valid_value_in_enter_password_field_and_Invalid_value_in_ReEnter_password_field -->
        <test-method signature="TC_61_To_Validate_the_next_function_without_entering_a_value_in_Enter_password_and_with_a_value_in_ReEnter_password()[pri:4, instance:Bchat.TestScenarios.CreatePasswrod_Screen_And_its_Functionalities@3ce3db41]" started-at="2024-05-02T14:36:08Z" name="TC_61_To_Validate_the_next_function_without_entering_a_value_in_Enter_password_and_with_a_value_in_ReEnter_password" finished-at="2024-05-02T14:36:51Z" duration-ms="43074" status="PASS">
          <reporter-output>
          </reporter-output>
        </test-method> <!-- TC_61_To_Validate_the_next_function_without_entering_a_value_in_Enter_password_and_with_a_value_in_ReEnter_password -->
        <test-method signature="TC_62_To_Validate_the_next_function_with_value_only_In_ReEnter_password_Field()[pri:5, instance:Bchat.TestScenarios.CreatePasswrod_Screen_And_its_Functionalities@3ce3db41]" started-at="2024-05-02T14:36:51Z" name="TC_62_To_Validate_the_next_function_with_value_only_In_ReEnter_password_Field" finished-at="2024-05-02T14:37:04Z" duration-ms="12922" status="PASS">
          <reporter-output>
          </reporter-output>
        </test-method> <!-- TC_62_To_Validate_the_next_function_with_value_only_In_ReEnter_password_Field -->
        <test-method signature="TC_65_To_Validate_the_Pin_number_fields_by_entering_values_below_boundary_value_In_both_Fields()[pri:6, instance:Bchat.TestScenarios.CreatePasswrod_Screen_And_its_Functionalities@3ce3db41]" started-at="2024-05-02T14:37:04Z" name="TC_65_To_Validate_the_Pin_number_fields_by_entering_values_below_boundary_value_In_both_Fields" finished-at="2024-05-02T14:38:01Z" duration-ms="56973" status="PASS">
          <reporter-output>
          </reporter-output>
        </test-method> <!-- TC_65_To_Validate_the_Pin_number_fields_by_entering_values_below_boundary_value_In_both_Fields -->
        <test-method signature="TC_66_To_Validate_the_Password_number_fields_by_entering_values_below_boundary_value_in_any_one_field()[pri:7, instance:Bchat.TestScenarios.CreatePasswrod_Screen_And_its_Functionalities@3ce3db41]" started-at="2024-05-02T14:38:01Z" name="TC_66_To_Validate_the_Password_number_fields_by_entering_values_below_boundary_value_in_any_one_field" finished-at="2024-05-02T14:38:50Z" duration-ms="48439" status="PASS">
          <reporter-output>
          </reporter-output>
        </test-method> <!-- TC_66_To_Validate_the_Password_number_fields_by_entering_values_below_boundary_value_in_any_one_field -->
        <test-method signature="TC_76_And_77_To_validate_Whether_Values_In_Password_Fields_are_Editable_And_deletable()[pri:8, instance:Bchat.TestScenarios.CreatePasswrod_Screen_And_its_Functionalities@3ce3db41]" started-at="2024-05-02T14:38:50Z" name="TC_76_And_77_To_validate_Whether_Values_In_Password_Fields_are_Editable_And_deletable" finished-at="2024-05-02T14:41:02Z" duration-ms="131929" status="PASS">
          <reporter-output>
          </reporter-output>
        </test-method> <!-- TC_76_And_77_To_validate_Whether_Values_In_Password_Fields_are_Editable_And_deletable -->
        <test-method signature="TC_69_To_Validate_Working_of_Paste_Option_With_different_InValid_values()[pri:9, instance:Bchat.TestScenarios.CreatePasswrod_Screen_And_its_Functionalities@3ce3db41]" started-at="2024-05-02T14:41:02Z" name="TC_69_To_Validate_Working_of_Paste_Option_With_different_InValid_values" finished-at="2024-05-02T14:41:15Z" duration-ms="13041" status="FAIL">
          <exception class="java.lang.AssertionError">
            <message>
              <![CDATA[Not able to Paste values other than numbers expected [true] but found [false]]]>
            </message>
            <full-stacktrace>
              <![CDATA[java.lang.AssertionError: Not able to Paste values other than numbers expected [true] but found [false]
at org.testng.Assert.fail(Assert.java:96)
at org.testng.Assert.failNotEquals(Assert.java:776)
at org.testng.Assert.assertTrue(Assert.java:44)
at Bchat.TestScenarios.CreatePasswrod_Screen_And_its_Functionalities.TC_69_To_Validate_Working_of_Paste_Option_With_different_InValid_values(CreatePasswrod_Screen_And_its_Functionalities.java:247)
at java.base/jdk.internal.reflect.NativeMethodAccessorImpl.invoke0(Native Method)
at java.base/jdk.internal.reflect.NativeMethodAccessorImpl.invoke(NativeMethodAccessorImpl.java:77)
at java.base/jdk.internal.reflect.DelegatingMethodAccessorImpl.invoke(DelegatingMethodAccessorImpl.java:43)
at java.base/java.lang.reflect.Method.invoke(Method.java:568)
at org.testng.internal.MethodInvocationHelper.invokeMethod(MethodInvocationHelper.java:124)
at org.testng.internal.Invoker.invokeMethod(Invoker.java:583)
at org.testng.internal.Invoker.invokeTestMethod(Invoker.java:719)
at org.testng.internal.Invoker.invokeTestMethods(Invoker.java:989)
at org.testng.internal.TestMethodWorker.invokeTestMethods(TestMethodWorker.java:125)
at org.testng.internal.TestMethodWorker.run(TestMethodWorker.java:109)
at org.testng.TestRunner.privateRun(TestRunner.java:648)
at org.testng.TestRunner.run(TestRunner.java:505)
at org.testng.SuiteRunner.runTest(SuiteRunner.java:455)
at org.testng.SuiteRunner.runSequentially(SuiteRunner.java:450)
at org.testng.SuiteRunner.privateRun(SuiteRunner.java:415)
at org.testng.SuiteRunner.run(SuiteRunner.java:364)
at org.testng.SuiteRunnerWorker.runSuite(SuiteRunnerWorker.java:52)
at org.testng.SuiteRunnerWorker.run(SuiteRunnerWorker.java:84)
at org.testng.TestNG.runSuitesSequentially(TestNG.java:1208)
at org.testng.TestNG.runSuitesLocally(TestNG.java:1137)
at org.testng.TestNG.runSuites(TestNG.java:1049)
at org.testng.TestNG.run(TestNG.java:1017)
at org.testng.remote.AbstractRemoteTestNG.run(AbstractRemoteTestNG.java:115)
at org.testng.remote.RemoteTestNG.initAndRun(RemoteTestNG.java:251)
at org.testng.remote.RemoteTestNG.main(RemoteTestNG.java:77)
]]>
            </full-stacktrace>
          </exception> <!-- java.lang.AssertionError -->
          <reporter-output>
          </reporter-output>
        </test-method> <!-- TC_69_To_Validate_Working_of_Paste_Option_With_different_InValid_values -->
        <test-method signature="TC_69_1_To_Validate_Working_of_Paste_Option_With_different_InValid_values()[pri:10, instance:Bchat.TestScenarios.CreatePasswrod_Screen_And_its_Functionalities@3ce3db41]" started-at="2024-05-02T14:41:15Z" name="TC_69_1_To_Validate_Working_of_Paste_Option_With_different_InValid_values" finished-at="2024-05-02T14:41:21Z" duration-ms="5954" status="FAIL">
          <exception class="java.lang.AssertionError">
            <message>
              <![CDATA[Not able to Paste values other than numbers expected [true] but found [false]]]>
            </message>
            <full-stacktrace>
              <![CDATA[java.lang.AssertionError: Not able to Paste values other than numbers expected [true] but found [false]
at org.testng.Assert.fail(Assert.java:96)
at org.testng.Assert.failNotEquals(Assert.java:776)
at org.testng.Assert.assertTrue(Assert.java:44)
at Bchat.TestScenarios.CreatePasswrod_Screen_And_its_Functionalities.TC_69_1_To_Validate_Working_of_Paste_Option_With_different_InValid_values(CreatePasswrod_Screen_And_its_Functionalities.java:262)
at java.base/jdk.internal.reflect.NativeMethodAccessorImpl.invoke0(Native Method)
at java.base/jdk.internal.reflect.NativeMethodAccessorImpl.invoke(NativeMethodAccessorImpl.java:77)
at java.base/jdk.internal.reflect.DelegatingMethodAccessorImpl.invoke(DelegatingMethodAccessorImpl.java:43)
at java.base/java.lang.reflect.Method.invoke(Method.java:568)
at org.testng.internal.MethodInvocationHelper.invokeMethod(MethodInvocationHelper.java:124)
at org.testng.internal.Invoker.invokeMethod(Invoker.java:583)
at org.testng.internal.Invoker.invokeTestMethod(Invoker.java:719)
at org.testng.internal.Invoker.invokeTestMethods(Invoker.java:989)
at org.testng.internal.TestMethodWorker.invokeTestMethods(TestMethodWorker.java:125)
at org.testng.internal.TestMethodWorker.run(TestMethodWorker.java:109)
at org.testng.TestRunner.privateRun(TestRunner.java:648)
at org.testng.TestRunner.run(TestRunner.java:505)
at org.testng.SuiteRunner.runTest(SuiteRunner.java:455)
at org.testng.SuiteRunner.runSequentially(SuiteRunner.java:450)
at org.testng.SuiteRunner.privateRun(SuiteRunner.java:415)
at org.testng.SuiteRunner.run(SuiteRunner.java:364)
at org.testng.SuiteRunnerWorker.runSuite(SuiteRunnerWorker.java:52)
at org.testng.SuiteRunnerWorker.run(SuiteRunnerWorker.java:84)
at org.testng.TestNG.runSuitesSequentially(TestNG.java:1208)
at org.testng.TestNG.runSuitesLocally(TestNG.java:1137)
at org.testng.TestNG.runSuites(TestNG.java:1049)
at org.testng.TestNG.run(TestNG.java:1017)
at org.testng.remote.AbstractRemoteTestNG.run(AbstractRemoteTestNG.java:115)
at org.testng.remote.RemoteTestNG.initAndRun(RemoteTestNG.java:251)
at org.testng.remote.RemoteTestNG.main(RemoteTestNG.java:77)
]]>
            </full-stacktrace>
          </exception> <!-- java.lang.AssertionError -->
          <reporter-output>
          </reporter-output>
        </test-method> <!-- TC_69_1_To_Validate_Working_of_Paste_Option_With_different_InValid_values -->
        <test-method signature="TC_68_To_Validate_Working_of_Paste_Option_With_different_InValid_values()[pri:11, instance:Bchat.TestScenarios.CreatePasswrod_Screen_And_its_Functionalities@3ce3db41]" started-at="2024-05-02T14:41:22Z" name="TC_68_To_Validate_Working_of_Paste_Option_With_different_InValid_values" finished-at="2024-05-02T14:41:33Z" duration-ms="11582" status="FAIL">
          <exception class="java.lang.AssertionError">
            <message>
              <![CDATA[Not able to Paste values other than numbers expected [true] but found [false]]]>
            </message>
            <full-stacktrace>
              <![CDATA[java.lang.AssertionError: Not able to Paste values other than numbers expected [true] but found [false]
at org.testng.Assert.fail(Assert.java:96)
at org.testng.Assert.failNotEquals(Assert.java:776)
at org.testng.Assert.assertTrue(Assert.java:44)
at Bchat.TestScenarios.CreatePasswrod_Screen_And_its_Functionalities.TC_68_To_Validate_Working_of_Paste_Option_With_different_InValid_values(CreatePasswrod_Screen_And_its_Functionalities.java:278)
at java.base/jdk.internal.reflect.NativeMethodAccessorImpl.invoke0(Native Method)
at java.base/jdk.internal.reflect.NativeMethodAccessorImpl.invoke(NativeMethodAccessorImpl.java:77)
at java.base/jdk.internal.reflect.DelegatingMethodAccessorImpl.invoke(DelegatingMethodAccessorImpl.java:43)
at java.base/java.lang.reflect.Method.invoke(Method.java:568)
at org.testng.internal.MethodInvocationHelper.invokeMethod(MethodInvocationHelper.java:124)
at org.testng.internal.Invoker.invokeMethod(Invoker.java:583)
at org.testng.internal.Invoker.invokeTestMethod(Invoker.java:719)
at org.testng.internal.Invoker.invokeTestMethods(Invoker.java:989)
at org.testng.internal.TestMethodWorker.invokeTestMethods(TestMethodWorker.java:125)
at org.testng.internal.TestMethodWorker.run(TestMethodWorker.java:109)
at org.testng.TestRunner.privateRun(TestRunner.java:648)
at org.testng.TestRunner.run(TestRunner.java:505)
at org.testng.SuiteRunner.runTest(SuiteRunner.java:455)
at org.testng.SuiteRunner.runSequentially(SuiteRunner.java:450)
at org.testng.SuiteRunner.privateRun(SuiteRunner.java:415)
at org.testng.SuiteRunner.run(SuiteRunner.java:364)
at org.testng.SuiteRunnerWorker.runSuite(SuiteRunnerWorker.java:52)
at org.testng.SuiteRunnerWorker.run(SuiteRunnerWorker.java:84)
at org.testng.TestNG.runSuitesSequentially(TestNG.java:1208)
at org.testng.TestNG.runSuitesLocally(TestNG.java:1137)
at org.testng.TestNG.runSuites(TestNG.java:1049)
at org.testng.TestNG.run(TestNG.java:1017)
at org.testng.remote.AbstractRemoteTestNG.run(AbstractRemoteTestNG.java:115)
at org.testng.remote.RemoteTestNG.initAndRun(RemoteTestNG.java:251)
at org.testng.remote.RemoteTestNG.main(RemoteTestNG.java:77)
]]>
            </full-stacktrace>
          </exception> <!-- java.lang.AssertionError -->
          <reporter-output>
          </reporter-output>
        </test-method> <!-- TC_68_To_Validate_Working_of_Paste_Option_With_different_InValid_values -->
        <test-method signature="TC_71_To_Validate_Create_password_by_pasting_numerical_value()[pri:12, instance:Bchat.TestScenarios.CreatePasswrod_Screen_And_its_Functionalities@3ce3db41]" started-at="2024-05-02T14:41:34Z" name="TC_71_To_Validate_Create_password_by_pasting_numerical_value" finished-at="2024-05-02T14:41:44Z" duration-ms="10313" status="PASS">
          <reporter-output>
          </reporter-output>
        </test-method> <!-- TC_71_To_Validate_Create_password_by_pasting_numerical_value -->
        <test-method signature="TC_72_Validate_whether_crusher_blink_on_clicking_the_Create_password()[pri:13, instance:Bchat.TestScenarios.CreatePasswrod_Screen_And_its_Functionalities@3ce3db41]" started-at="2024-05-02T14:41:44Z" name="TC_72_Validate_whether_crusher_blink_on_clicking_the_Create_password" finished-at="2024-05-02T14:41:46Z" duration-ms="1317" status="PASS">
          <reporter-output>
          </reporter-output>
        </test-method> <!-- TC_72_Validate_whether_crusher_blink_on_clicking_the_Create_password -->
        <test-method signature="TC_66_Validate_the_Create_password_by_entering_values_above_boundary_value_And_Is_able_To_copy()[pri:14, instance:Bchat.TestScenarios.CreatePasswrod_Screen_And_its_Functionalities@3ce3db41]" started-at="2024-05-02T14:41:46Z" name="TC_66_Validate_the_Create_password_by_entering_values_above_boundary_value_And_Is_able_To_copy" finished-at="2024-05-02T14:42:58Z" duration-ms="72896" status="PASS">
          <reporter-output>
          </reporter-output>
        </test-method> <!-- TC_66_Validate_the_Create_password_by_entering_values_above_boundary_value_And_Is_able_To_copy -->
        <test-method signature="TC_59_To_Validate_with_Valid_value_in_enter_password_field_and_Invalid_value_in_ReEnter_password_field_and_repeat_it_for_multiple_time()[pri:15, instance:Bchat.TestScenarios.CreatePasswrod_Screen_And_its_Functionalities@3ce3db41]" started-at="2024-05-02T14:42:58Z" name="TC_59_To_Validate_with_Valid_value_in_enter_password_field_and_Invalid_value_in_ReEnter_password_field_and_repeat_it_for_multiple_time" finished-at="2024-05-02T14:44:07Z" duration-ms="68609" status="PASS">
          <reporter-output>
          </reporter-output>
        </test-method> <!-- TC_59_To_Validate_with_Valid_value_in_enter_password_field_and_Invalid_value_in_ReEnter_password_field_and_repeat_it_for_multiple_time -->
        <test-method signature="TC_58_To_Validate_with_Valid_value_in_both_enter_password_field_and_in_ReEnter_password_field()[pri:16, instance:Bchat.TestScenarios.CreatePasswrod_Screen_And_its_Functionalities@3ce3db41]" started-at="2024-05-02T14:44:07Z" name="TC_58_To_Validate_with_Valid_value_in_both_enter_password_field_and_in_ReEnter_password_field" finished-at="2024-05-02T14:44:55Z" duration-ms="47650" status="PASS">
          <reporter-output>
          </reporter-output>
        </test-method> <!-- TC_58_To_Validate_with_Valid_value_in_both_enter_password_field_and_in_ReEnter_password_field -->
        <test-method is-config="true" signature="closeApp()[pri:0, instance:Bchat.TestScenarios.CreatePasswrod_Screen_And_its_Functionalities@3ce3db41]" started-at="2024-05-02T14:44:55Z" name="closeApp" finished-at="2024-05-02T14:44:57Z" duration-ms="2620" status="PASS">
          <reporter-output>
          </reporter-output>
        </test-method> <!-- closeApp -->
      </class> <!-- Bchat.TestScenarios.CreatePasswrod_Screen_And_its_Functionalities -->
    </test> <!-- Test -->
  </suite> <!-- Suite -->
</testng-results>
